Escalas Originais:
[
  Escala {
    id: 29688,
    starts_at: 202404011900,
    ends_at: 202404010100,
    calendar_id: 1,
    employee_id: 5
  },
  Escala {
    id: 29689,
    starts_at: 202404021900,
    ends_at: 202404020100,
    calendar_id: 1,
    employee_id: 5
  },
  Escala {
    id: 29690,
    starts_at: 202404031900,
    ends_at: 202404030100,
    calendar_id: 1,
    employee_id: 5
  },
  Escala {
    id: 29691,
    starts_at: 202404041900,
    ends_at: 202404040100,
    calendar_id: 1,
    employee_id: 5
  },
  Escala {
    id: 29692,
    starts_at: 202404050000,
    ends_at: 202404060000,
    calendar_id: 4,
    employee_id: 5
  },
  Escala {
    id: 29693,
    starts_at: 202404061900,
    ends_at: 202404060100,
    calendar_id: 1,
    employee_id: 5
  },
  Escala {
    id: 29694,
    starts_at: 202404071900,
    ends_at: 202404070100,
    calendar_id: 1,
    employee_id: 5
  },
  Escala {
    id: 29695,
    starts_at: 202404081900,
    ends_at: 202404080100,
    calendar_id: 1,
    employee_id: 5
  },
  Escala {
    id: 29696,
    starts_at: 202404091900,
    ends_at: 202404090100,
    calendar_id: 1,
    employee_id: 5
  },
  Escala {
    id: 29697,
    starts_at: 202404101900,
    ends_at: 202404100100,
    calendar_id: 1,
    employee_id: 5
  },
  Escala {
    id: 29698,
    starts_at: 202404111900,
    ends_at: 202404110100,
    calendar_id: 1,
    employee_id: 5
  },
  Escala {
    id: 29699,
    starts_at: 202404120000,
    ends_at: 202404130000,
    calendar_id: 4,
    employee_id: 5
  },
  Escala {
    id: 29700,
    starts_at: 202404131900,
    ends_at: 202404130100,
    calendar_id: 1,
    employee_id: 5
  },
  Escala {
    id: 29701,
    starts_at: 202404141900,
    ends_at: 202404140100,
    calendar_id: 1,
    employee_id: 5
  },
  Escala {
    id: 29702,
    starts_at: 202404151900,
    ends_at: 202404150100,
    calendar_id: 1,
    employee_id: 5
  },
  Escala {
    id: 29703,
    starts_at: 202404161900,
    ends_at: 202404160100,
    calendar_id: 1,
    employee_id: 5
  },
  Escala {
    id: 29704,
    starts_at: 202404171900,
    ends_at: 202404170100,
    calendar_id: 1,
    employee_id: 5
  },
  Escala {
    id: 29705,
    starts_at: 202404181900,
    ends_at: 202404180100,
    calendar_id: 1,
    employee_id: 5
  },
  Escala {
    id: 29706,
    starts_at: 202404190000,
    ends_at: 202404200000,
    calendar_id: 4,
    employee_id: 5
  },
  Escala {
    id: 29707,
    starts_at: 202404201900,
    ends_at: 202404200100,
    calendar_id: 1,
    employee_id: 5
  },
  Escala {
    id: 29708,
    starts_at: 202404211900,
    ends_at: 202404210100,
    calendar_id: 1,
    employee_id: 5
  },
  Escala {
    id: 29709,
    starts_at: 202404221900,
    ends_at: 202404220100,
    calendar_id: 1,
    employee_id: 5
  },
  Escala {
    id: 29710,
    starts_at: 202404231900,
    ends_at: 202404230100,
    calendar_id: 1,
    employee_id: 5
  },
  Escala {
    id: 29711,
    starts_at: 202404241900,
    ends_at: 202404240100,
    calendar_id: 1,
    employee_id: 5
  },
  Escala {
    id: 29712,
    starts_at: 202404251900,
    ends_at: 202404250100,
    calendar_id: 1,
    employee_id: 5
  },
  Escala {
    id: 29713,
    starts_at: 202404260000,
    ends_at: 202404270000,
    calendar_id: 4,
    employee_id: 5
  },
  Escala {
    id: 29714,
    starts_at: 202404271900,
    ends_at: 202404270100,
    calendar_id: 1,
    employee_id: 5
  },
  Escala {
    id: 29715,
    starts_at: 202404281900,
    ends_at: 202404280100,
    calendar_id: 1,
    employee_id: 5
  },
  Escala {
    id: 29716,
    starts_at: 202404291900,
    ends_at: 202404290100,
    calendar_id: 1,
    employee_id: 5
  },
  Escala {
    id: 29717,
    starts_at: 202404301900,
    ends_at: 202404300100,
    calendar_id: 1,
    employee_id: 5
  },
  Escala {
    id: 31228,
    starts_at: 202404010100,
    ends_at: 202404010700,
    calendar_id: 1,
    employee_id: 5
  },
  Escala {
    id: 31229,
    starts_at: 202404020100,
    ends_at: 202404020700,
    calendar_id: 1,
    employee_id: 5
  },
  Escala {
    id: 31230,
    starts_at: 202404030000,
    ends_at: 202404040000,
    calendar_id: 4,
    employee_id: 5
  },
  Escala {
    id: 31231,
    starts_at: 202404040100,
    ends_at: 202404040700,
    calendar_id: 1,
    employee_id: 5
  },
  Escala {
    id: 31232,
    starts_at: 202404050100,
    ends_at: 202404050700,
    calendar_id: 1,
    employee_id: 5
  },
  Escala {
    id: 31233,
    starts_at: 202404060100,
    ends_at: 202404060700,
    calendar_id: 1,
    employee_id: 5
  },
  Escala {
    id: 31234,
    starts_at: 202404070100,
    ends_at: 202404070700,
    calendar_id: 1,
    employee_id: 5
  },
  Escala {
    id: 31235,
    starts_at: 202404080100,
    ends_at: 202404080700,
    calendar_id: 1,
    employee_id: 5
  },
  Escala {
    id: 31236,
    starts_at: 202404090100,
    ends_at: 202404090700,
    calendar_id: 1,
    employee_id: 5
  },
  Escala {
    id: 31237,
    starts_at: 202404100000,
    ends_at: 202404110000,
    calendar_id: 4,
    employee_id: 5
  },
  Escala {
    id: 31238,
    starts_at: 202404110100,
    ends_at: 202404110700,
    calendar_id: 1,
    employee_id: 5
  },
  Escala {
    id: 31239,
    starts_at: 202404120100,
    ends_at: 202404120700,
    calendar_id: 1,
    employee_id: 5
  },
  Escala {
    id: 31240,
    starts_at: 202404130100,
    ends_at: 202404130700,
    calendar_id: 1,
    employee_id: 5
  },
  Escala {
    id: 31241,
    starts_at: 202404140100,
    ends_at: 202404140700,
    calendar_id: 1,
    employee_id: 5
  },
  Escala {
    id: 31242,
    starts_at: 202404150100,
    ends_at: 202404150700,
    calendar_id: 1,
    employee_id: 5
  },
  Escala {
    id: 31243,
    starts_at: 202404160100,
    ends_at: 202404160700,
    calendar_id: 1,
    employee_id: 5
  },
  Escala {
    id: 31244,
    starts_at: 202404170000,
    ends_at: 202404180000,
    calendar_id: 4,
    employee_id: 5
  },
  Escala {
    id: 31245,
    starts_at: 202404180100,
    ends_at: 202404180700,
    calendar_id: 1,
    employee_id: 5
  },
  Escala {
    id: 31246,
    starts_at: 202404190100,
    ends_at: 202404190700,
    calendar_id: 1,
    employee_id: 5
  },
  Escala {
    id: 31247,
    starts_at: 202404200100,
    ends_at: 202404200700,
    calendar_id: 1,
    employee_id: 5
  },
  Escala {
    id: 31248,
    starts_at: 202404210000,
    ends_at: 202404220000,
    calendar_id: 4,
    employee_id: 5
  },
  Escala {
    id: 31249,
    starts_at: 202404220100,
    ends_at: 202404220700,
    calendar_id: 1,
    employee_id: 5
  },
  Escala {
    id: 31250,
    starts_at: 202404230100,
    ends_at: 202404230700,
    calendar_id: 1,
    employee_id: 5
  },
  Escala {
    id: 31251,
    starts_at: 202404240000,
    ends_at: 202404250000,
    calendar_id: 4,
    employee_id: 5
  },
  Escala {
    id: 31252,
    starts_at: 202404250100,
    ends_at: 202404250700,
    calendar_id: 1,
    employee_id: 5
  },
  Escala {
    id: 31253,
    starts_at: 202404260100,
    ends_at: 202404260700,
    calendar_id: 1,
    employee_id: 5
  },
  Escala {
    id: 31254,
    starts_at: 202404270100,
    ends_at: 202404270700,
    calendar_id: 1,
    employee_id: 5
  },
  Escala {
    id: 31255,
    starts_at: 202404280100,
    ends_at: 202404280700,
    calendar_id: 1,
    employee_id: 5
  },
  Escala {
    id: 31256,
    starts_at: 202404290100,
    ends_at: 202404290700,
    calendar_id: 1,
    employee_id: 5
  },
  Escala {
    id: 31257,
    starts_at: 202404300100,
    ends_at: 202404300700,
    calendar_id: 1,
    employee_id: 5
  },
  Escala {
    id: 31288,
    starts_at: 202404090700,
    ends_at: 202404091300,
    calendar_id: 1,
    employee_id: 5
  },
  Escala {
    id: 31289,
    starts_at: 202404050700,
    ends_at: 202404051300,
    calendar_id: 1,
    employee_id: 5
  },
  Escala {
    id: 31290,
    starts_at: 202404060700,
    ends_at: 202404061300,
    calendar_id: 1,
    employee_id: 5
  }
]

Alteração calendar_id: 6

Escalas de Substituição:
[
  {
    starts_at: 202404011900,
    ends_at: 202404010100,
    calendar_id: 1,
    employee_id: 3,
    load_hash: '7IBA1Z'
  },
  {
    starts_at: 202404021900,
    ends_at: 202404020100,
    calendar_id: 1,
    employee_id: 3,
    load_hash: '7IBA1Z'
  },
  {
    starts_at: 202404031900,
    ends_at: 202404030100,
    calendar_id: 1,
    employee_id: 3,
    load_hash: '7IBA1Z'
  },
  {
    starts_at: 202404041900,
    ends_at: 202404040100,
    calendar_id: 1,
    employee_id: 3,
    load_hash: '7IBA1Z'
  },
  {
    starts_at: 202404050000,
    ends_at: 202404060000,
    calendar_id: 4,
    employee_id: 3,
    load_hash: '7IBA1Z'
  },
  {
    starts_at: 202404061900,
    ends_at: 202404060100,
    calendar_id: 1,
    employee_id: 3,
    load_hash: '7IBA1Z'
  },
  {
    starts_at: 202404071900,
    ends_at: 202404070100,
    calendar_id: 1,
    employee_id: 3,
    load_hash: '7IBA1Z'
  },
  {
    starts_at: 202404081900,
    ends_at: 202404080100,
    calendar_id: 1,
    employee_id: 3,
    load_hash: '7IBA1Z'
  },
  {
    starts_at: 202404091900,
    ends_at: 202404090100,
    calendar_id: 1,
    employee_id: 3,
    load_hash: '7IBA1Z'
  },
  {
    starts_at: 202404101900,
    ends_at: 202404100100,
    calendar_id: 1,
    employee_id: 3,
    load_hash: '7IBA1Z'
  },
  {
    starts_at: 202404111900,
    ends_at: 202404110100,
    calendar_id: 1,
    employee_id: 3,
    load_hash: '7IBA1Z'
  },
  {
    starts_at: 202404120000,
    ends_at: 202404130000,
    calendar_id: 4,
    employee_id: 3,
    load_hash: '7IBA1Z'
  },
  {
    starts_at: 202404131900,
    ends_at: 202404130100,
    calendar_id: 1,
    employee_id: 3,
    load_hash: '7IBA1Z'
  },
  {
    starts_at: 202404141900,
    ends_at: 202404140100,
    calendar_id: 1,
    employee_id: 3,
    load_hash: '7IBA1Z'
  },
  {
    starts_at: 202404151900,
    ends_at: 202404150100,
    calendar_id: 1,
    employee_id: 3,
    load_hash: '7IBA1Z'
  },
  {
    starts_at: 202404161900,
    ends_at: 202404160100,
    calendar_id: 1,
    employee_id: 3,
    load_hash: '7IBA1Z'
  },
  {
    starts_at: 202404171900,
    ends_at: 202404170100,
    calendar_id: 1,
    employee_id: 3,
    load_hash: '7IBA1Z'
  },
  {
    starts_at: 202404181900,
    ends_at: 202404180100,
    calendar_id: 1,
    employee_id: 3,
    load_hash: '7IBA1Z'
  },
  {
    starts_at: 202404190000,
    ends_at: 202404200000,
    calendar_id: 4,
    employee_id: 3,
    load_hash: '7IBA1Z'
  },
  {
    starts_at: 202404201900,
    ends_at: 202404200100,
    calendar_id: 1,
    employee_id: 3,
    load_hash: '7IBA1Z'
  },
  {
    starts_at: 202404211900,
    ends_at: 202404210100,
    calendar_id: 1,
    employee_id: 3,
    load_hash: '7IBA1Z'
  },
  {
    starts_at: 202404221900,
    ends_at: 202404220100,
    calendar_id: 1,
    employee_id: 3,
    load_hash: '7IBA1Z'
  },
  {
    starts_at: 202404231900,
    ends_at: 202404230100,
    calendar_id: 1,
    employee_id: 3,
    load_hash: '7IBA1Z'
  },
  {
    starts_at: 202404241900,
    ends_at: 202404240100,
    calendar_id: 1,
    employee_id: 3,
    load_hash: '7IBA1Z'
  },
  {
    starts_at: 202404251900,
    ends_at: 202404250100,
    calendar_id: 1,
    employee_id: 3,
    load_hash: '7IBA1Z'
  },
  {
    starts_at: 202404260000,
    ends_at: 202404270000,
    calendar_id: 4,
    employee_id: 3,
    load_hash: '7IBA1Z'
  },
  {
    starts_at: 202404271900,
    ends_at: 202404270100,
    calendar_id: 1,
    employee_id: 3,
    load_hash: '7IBA1Z'
  },
  {
    starts_at: 202404281900,
    ends_at: 202404280100,
    calendar_id: 1,
    employee_id: 3,
    load_hash: '7IBA1Z'
  },
  {
    starts_at: 202404291900,
    ends_at: 202404290100,
    calendar_id: 1,
    employee_id: 3,
    load_hash: '7IBA1Z'
  },
  {
    starts_at: 202404301900,
    ends_at: 202404300100,
    calendar_id: 1,
    employee_id: 3,
    load_hash: '7IBA1Z'
  },
  {
    starts_at: 202404010100,
    ends_at: 202404010700,
    calendar_id: 1,
    employee_id: 3,
    load_hash: '7IBA1Z'
  },
  {
    starts_at: 202404020100,
    ends_at: 202404020700,
    calendar_id: 1,
    employee_id: 3,
    load_hash: '7IBA1Z'
  },
  {
    starts_at: 202404030000,
    ends_at: 202404040000,
    calendar_id: 4,
    employee_id: 3,
    load_hash: '7IBA1Z'
  },
  {
    starts_at: 202404040100,
    ends_at: 202404040700,
    calendar_id: 1,
    employee_id: 3,
    load_hash: '7IBA1Z'
  },
  {
    starts_at: 202404050100,
    ends_at: 202404050700,
    calendar_id: 1,
    employee_id: 3,
    load_hash: '7IBA1Z'
  },
  {
    starts_at: 202404060100,
    ends_at: 202404060700,
    calendar_id: 1,
    employee_id: 3,
    load_hash: '7IBA1Z'
  },
  {
    starts_at: 202404070100,
    ends_at: 202404070700,
    calendar_id: 1,
    employee_id: 3,
    load_hash: '7IBA1Z'
  },
  {
    starts_at: 202404080100,
    ends_at: 202404080700,
    calendar_id: 1,
    employee_id: 3,
    load_hash: '7IBA1Z'
  },
  {
    starts_at: 202404090100,
    ends_at: 202404090700,
    calendar_id: 1,
    employee_id: 3,
    load_hash: '7IBA1Z'
  },
  {
    starts_at: 202404100000,
    ends_at: 202404110000,
    calendar_id: 4,
    employee_id: 3,
    load_hash: '7IBA1Z'
  },
  {
    starts_at: 202404110100,
    ends_at: 202404110700,
    calendar_id: 1,
    employee_id: 3,
    load_hash: '7IBA1Z'
  },
  {
    starts_at: 202404120100,
    ends_at: 202404120700,
    calendar_id: 1,
    employee_id: 3,
    load_hash: '7IBA1Z'
  },
  {
    starts_at: 202404130100,
    ends_at: 202404130700,
    calendar_id: 1,
    employee_id: 3,
    load_hash: '7IBA1Z'
  },
  {
    starts_at: 202404140100,
    ends_at: 202404140700,
    calendar_id: 1,
    employee_id: 3,
    load_hash: '7IBA1Z'
  },
  {
    starts_at: 202404150100,
    ends_at: 202404150700,
    calendar_id: 1,
    employee_id: 3,
    load_hash: '7IBA1Z'
  },
  {
    starts_at: 202404160100,
    ends_at: 202404160700,
    calendar_id: 1,
    employee_id: 3,
    load_hash: '7IBA1Z'
  },
  {
    starts_at: 202404170000,
    ends_at: 202404180000,
    calendar_id: 4,
    employee_id: 3,
    load_hash: '7IBA1Z'
  },
  {
    starts_at: 202404180100,
    ends_at: 202404180700,
    calendar_id: 1,
    employee_id: 3,
    load_hash: '7IBA1Z'
  },
  {
    starts_at: 202404190100,
    ends_at: 202404190700,
    calendar_id: 1,
    employee_id: 3,
    load_hash: '7IBA1Z'
  },
  {
    starts_at: 202404200100,
    ends_at: 202404200700,
    calendar_id: 1,
    employee_id: 3,
    load_hash: '7IBA1Z'
  },
  {
    starts_at: 202404210000,
    ends_at: 202404220000,
    calendar_id: 4,
    employee_id: 3,
    load_hash: '7IBA1Z'
  },
  {
    starts_at: 202404220100,
    ends_at: 202404220700,
    calendar_id: 1,
    employee_id: 3,
    load_hash: '7IBA1Z'
  },
  {
    starts_at: 202404230100,
    ends_at: 202404230700,
    calendar_id: 1,
    employee_id: 3,
    load_hash: '7IBA1Z'
  },
  {
    starts_at: 202404240000,
    ends_at: 202404250000,
    calendar_id: 4,
    employee_id: 3,
    load_hash: '7IBA1Z'
  },
  {
    starts_at: 202404250100,
    ends_at: 202404250700,
    calendar_id: 1,
    employee_id: 3,
    load_hash: '7IBA1Z'
  },
  {
    starts_at: 202404260100,
    ends_at: 202404260700,
    calendar_id: 1,
    employee_id: 3,
    load_hash: '7IBA1Z'
  },
  {
    starts_at: 202404270100,
    ends_at: 202404270700,
    calendar_id: 1,
    employee_id: 3,
    load_hash: '7IBA1Z'
  },
  {
    starts_at: 202404280100,
    ends_at: 202404280700,
    calendar_id: 1,
    employee_id: 3,
    load_hash: '7IBA1Z'
  },
  {
    starts_at: 202404290100,
    ends_at: 202404290700,
    calendar_id: 1,
    employee_id: 3,
    load_hash: '7IBA1Z'
  },
  {
    starts_at: 202404300100,
    ends_at: 202404300700,
    calendar_id: 1,
    employee_id: 3,
    load_hash: '7IBA1Z'
  },
  {
    starts_at: 202404090700,
    ends_at: 202404091300,
    calendar_id: 1,
    employee_id: 3,
    load_hash: '7IBA1Z'
  },
  {
    starts_at: 202404050700,
    ends_at: 202404051300,
    calendar_id: 1,
    employee_id: 3,
    load_hash: '7IBA1Z'
  },
  {
    starts_at: 202404060700,
    ends_at: 202404061300,
    calendar_id: 1,
    employee_id: 3,
    load_hash: '7IBA1Z'
  }
]
